<?xml version="1.0" encoding="UTF-8"?>
<testsuite xmlns:xsi="http://www.w3.org/2001/XMLSchema-instance" xsi:noNamespaceSchemaLocation="https://maven.apache.org/surefire/maven-surefire-plugin/xsd/surefire-test-report.xsd" name="site.nomoreparties.stellarburgers.LoginTest" time="18.255" tests="4" errors="0" skipped="0" failures="0">
  <properties>
[...]
</properties>
  <testcase name="loginViaForgotPasswordShouldBeSuccessful" classname="site.nomoreparties.stellarburgers.LoginTest" time="4.714"/>
  <testcase name="loginViaPersonalAccountShouldBeSuccessful" classname="site.nomoreparties.stellarburgers.LoginTest" time="2.775"/>
  <testcase name="loginViaEnterAccountShouldBeSuccessful" classname="site.nomoreparties.stellarburgers.LoginTest" time="2.95"/>
  <testcase name="loginViaRegistrationFormShouldBeSuccessful" classname="site.nomoreparties.stellarburgers.LoginTest" time="2.833"/>
</testsuite>